#
# There is insufficient memory for the Java Runtime Environment to continue.
# Native memory allocation (malloc) failed to allocate 572432 bytes for Chunk::new
# Possible reasons:
#   The system is out of physical RAM or swap space
#   In 32 bit mode, the process size limit was hit
# Possible solutions:
#   Reduce memory load on the system
#   Increase physical memory or swap space
#   Check if swap backing store is full
#   Use 64 bit Java on a 64 bit OS
#   Decrease Java heap size (-Xmx/-Xms)
#   Decrease number of Java threads
#   Decrease Java thread stack sizes (-Xss)
#   Set larger code cache with -XX:ReservedCodeCacheSize=
# This output file may be truncated or incomplete.
#
#  Out of Memory Error (allocation.cpp:323), pid=12340, tid=4932
#
# JRE version: Java(TM) SE Runtime Environment (7.0_67-b01) (build 1.7.0_67-b01)
# Java VM: Java HotSpot(TM) 64-Bit Server VM (24.65-b04 mixed mode windows-amd64 compressed oops)
# Failed to write core dump. Minidumps are not enabled by default on client versions of Windows
#

---------------  T H R E A D  ---------------

Current thread (0x00000000082d8800):  JavaThread "C2 CompilerThread0" daemon [_thread_in_native, id=4932, stack(0x0000000009d00000,0x0000000009e00000)]

Stack: [0x0000000009d00000,0x0000000009e00000]
[error occurred during error reporting (printing stack bounds), id 0xc0000005]


[error occurred during error reporting (printing native stack), id 0xc0000005]


Current CompileTask:
C2:   3332  135 %           com.sun.crypto.provider.AESCrypt::<clinit> @ 724 (1577 bytes)


---------------  P R O C E S S  ---------------

Java Threads: ( => current thread )
  0x000000000a5a2000 JavaThread "Image Fetcher 3" daemon [_thread_blocked, id=12668, stack(0x000000000bb30000,0x000000000bc30000)]
  0x000000000a5a1000 JavaThread "Image Fetcher 2" daemon [_thread_blocked, id=2176, stack(0x000000000c010000,0x000000000c110000)]
  0x000000000a5a0800 JavaThread "Image Fetcher 1" daemon [_thread_blocked, id=12600, stack(0x000000000be20000,0x000000000bf20000)]
  0x000000000a58a800 JavaThread "TimerQueue" daemon [_thread_blocked, id=6980, stack(0x000000000bc70000,0x000000000bd70000)]
  0x000000000a1d7000 JavaThread "Image Fetcher 0" daemon [_thread_blocked, id=13156, stack(0x000000000b6f0000,0x000000000b7f0000)]
  0x0000000001bfe800 JavaThread "DestroyJavaVM" [_thread_blocked, id=11412, stack(0x0000000002370000,0x0000000002470000)]
  0x000000000a1ae000 JavaThread "AWT-EventQueue-0" [_thread_in_vm, id=1916, stack(0x000000000b420000,0x000000000b520000)]
  0x000000000a18d000 JavaThread "AWT-Windows" daemon [_thread_in_native, id=10808, stack(0x000000000ae40000,0x000000000af40000)]
  0x000000000a18c000 JavaThread "AWT-Shutdown" [_thread_blocked, id=9420, stack(0x000000000ad20000,0x000000000ae20000)]
  0x000000000a18b000 JavaThread "Java2D Disposer" daemon [_thread_blocked, id=12156, stack(0x000000000a260000,0x000000000a360000)]
  0x00000000082dd000 JavaThread "Service Thread" daemon [_thread_blocked, id=11960, stack(0x0000000009990000,0x0000000009a90000)]
  0x00000000082db800 JavaThread "C2 CompilerThread1" daemon [_thread_blocked, id=11580, stack(0x0000000009c00000,0x0000000009d00000)]
=>0x00000000082d8800 JavaThread "C2 CompilerThread0" daemon [_thread_in_native, id=4932, stack(0x0000000009d00000,0x0000000009e00000)]
  0x00000000082d7800 JavaThread "Attach Listener" daemon [_thread_blocked, id=8496, stack(0x0000000009ad0000,0x0000000009bd0000)]
  0x00000000082d0800 JavaThread "Signal Dispatcher" daemon [_thread_blocked, id=12924, stack(0x0000000009720000,0x0000000009820000)]
  0x0000000008270800 JavaThread "Finalizer" daemon [_thread_blocked, id=13020, stack(0x0000000009890000,0x0000000009990000)]
  0x000000000826f000 JavaThread "Reference Handler" daemon [_thread_blocked, id=912, stack(0x00000000095e0000,0x00000000096e0000)]

Other Threads:
  0x0000000008268000 VMThread [stack: 0x00000000093f0000,0x00000000094f0000] [id=9848]
  0x0000000009e08800 WatcherThread [stack: 0x000000000a380000,0x000000000a480000] [id=2448]

VM state:not at safepoint (normal execution)

VM Mutex/Monitor currently owned by a thread: None

Heap
 PSYoungGen      total 18944K, used 7928K [0x00000000eb480000, 0x00000000ec980000, 0x0000000100000000)
  eden space 16384K, 32% used [0x00000000eb480000,0x00000000eb9c22d8,0x00000000ec480000)
  from space 2560K, 99% used [0x00000000ec480000,0x00000000ec6fc010,0x00000000ec700000)
  to   space 2560K, 0% used [0x00000000ec700000,0x00000000ec700000,0x00000000ec980000)
 ParOldGen       total 41984K, used 1853K [0x00000000c1e00000, 0x00000000c4700000, 0x00000000eb480000)
  object space 41984K, 4% used [0x00000000c1e00000,0x00000000c1fcf730,0x00000000c4700000)
 PSPermGen       total 21504K, used 16208K [0x00000000bcc00000, 0x00000000be100000, 0x00000000c1e00000)
  object space 21504K, 75% used [0x00000000bcc00000,0x00000000bdbd4118,0x00000000be100000)

Card table byte_map: [0x0000000005470000,0x0000000005690000] byte_map_base: 0x0000000004e8a000

Polling page: 0x0000000000430000

Code Cache  [0x0000000002470000, 0x00000000026e0000, 0x0000000005470000)
 total_blobs=604 nmethods=134 adapters=422 free_code_cache=48376Kb largest_free_block=49514368

Compilation events (10 events):
Event: 3.284 Thread 0x00000000082db800  131             java.lang.String::getBytes (90 bytes)
Event: 3.284 Thread 0x00000000082d8800 nmethod 128 0x0000000002532050 code [0x00000000025321a0, 0x00000000025324d8]
Event: 3.284 Thread 0x00000000082d8800  132             sun.misc.CharacterDecoder::readFully (52 bytes)
Event: 3.286 Thread 0x00000000082db800 nmethod 131 0x0000000002531c10 code [0x0000000002531d60, 0x0000000002531f18]
Event: 3.286 Thread 0x00000000082db800  133             java.lang.ref.SoftReference::get (29 bytes)
Event: 3.287 Thread 0x00000000082db800 nmethod 133 0x00000000025319d0 code [0x0000000002531b00, 0x0000000002531b98]
Event: 3.288 Thread 0x00000000082d8800 nmethod 132 0x0000000002535410 code [0x0000000002535560, 0x00000000025359d8]
Event: 3.290 Thread 0x00000000082db800  134             java.lang.Character::isSurrogate (18 bytes)
Event: 3.290 Thread 0x00000000082db800 nmethod 134 0x00000000025317d0 code [0x0000000002531900, 0x0000000002531958]
Event: 3.300 Thread 0x00000000082d8800  135 %           com.sun.crypto.provider.AESCrypt::<clinit> @ 724 (1577 bytes)

GC Heap History (2 events):
Event: 3.200 GC heap before
{Heap before GC invocations=1 (full 0):
 PSYoungGen      total 18944K, used 16384K [0x00000000eb480000, 0x00000000ec980000, 0x0000000100000000)
  eden space 16384K, 100% used [0x00000000eb480000,0x00000000ec480000,0x00000000ec480000)
  from space 2560K, 0% used [0x00000000ec700000,0x00000000ec700000,0x00000000ec980000)
  to   space 2560K, 0% used [0x00000000ec480000,0x00000000ec480000,0x00000000ec700000)
 ParOldGen       total 41984K, used 0K [0x00000000c1e00000, 0x00000000c4700000, 0x00000000eb480000)
  object space 41984K, 0% used [0x00000000c1e00000,0x00000000c1e00000,0x00000000c4700000)
 PSPermGen       total 21504K, used 15796K [0x00000000bcc00000, 0x00000000be100000, 0x00000000c1e00000)
  object space 21504K, 73% used [0x00000000bcc00000,0x00000000bdb6d250,0x00000000be100000)
Event: 3.209 GC heap after
Heap after GC invocations=1 (full 0):
 PSYoungGen      total 18944K, used 2544K [0x00000000eb480000, 0x00000000ec980000, 0x0000000100000000)
  eden space 16384K, 0% used [0x00000000eb480000,0x00000000eb480000,0x00000000ec480000)
  from space 2560K, 99% used [0x00000000ec480000,0x00000000ec6fc010,0x00000000ec700000)
  to   space 2560K, 0% used [0x00000000ec700000,0x00000000ec700000,0x00000000ec980000)
 ParOldGen       total 41984K, used 1853K [0x00000000c1e00000, 0x00000000c4700000, 0x00000000eb480000)
  object space 41984K, 4% used [0x00000000c1e00000,0x00000000c1fcf730,0x00000000c4700000)
 PSPermGen       total 21504K, used 15796K [0x00000000bcc00000, 0x00000000be100000, 0x00000000c1e00000)
  object space 21504K, 73% used [0x00000000bcc00000,0x00000000bdb6d250,0x00000000be100000)
}

Deoptimization events (10 events):
Event: 0.234 Thread 0x0000000001bfe800 Uncommon trap: reason=null_check action=make_not_entrant pc=0x00000000024d3460 method=java.lang.String.equals(Ljava/lang/Object;)Z @ 8
Event: 1.026 Thread 0x000000000a1ae000 Uncommon trap: reason=class_check action=maybe_recompile pc=0x00000000024e3da0 method=java.lang.String.equals(Ljava/lang/Object;)Z @ 8
Event: 2.847 Thread 0x000000000a1ae000 Uncommon trap: reason=class_check action=maybe_recompile pc=0x00000000024e3da0 method=java.lang.String.equals(Ljava/lang/Object;)Z @ 8
Event: 2.847 Thread 0x000000000a1ae000 Uncommon trap: reason=class_check action=maybe_recompile pc=0x00000000024e3da0 method=java.lang.String.equals(Ljava/lang/Object;)Z @ 8
Event: 2.847 Thread 0x000000000a1ae000 Uncommon trap: reason=class_check action=maybe_recompile pc=0x00000000024e3da0 method=java.lang.String.equals(Ljava/lang/Object;)Z @ 8
Event: 3.092 Thread 0x000000000a1ae000 Uncommon trap: reason=class_check action=maybe_recompile pc=0x0000000002503d50 method=java.util.HashMap.put(Ljava/lang/Object;Ljava/lang/Object;)Ljava/lang/Object; @ 105
Event: 3.092 Thread 0x000000000a1ae000 Uncommon trap: reason=class_check action=maybe_recompile pc=0x0000000002503d50 method=java.util.HashMap.put(Ljava/lang/Object;Ljava/lang/Object;)Ljava/lang/Object; @ 105
Event: 3.092 Thread 0x000000000a1ae000 Uncommon trap: reason=class_check action=maybe_recompile pc=0x0000000002503d50 method=java.util.HashMap.put(Ljava/lang/Object;Ljava/lang/Object;)Ljava/lang/Object; @ 105
Event: 3.092 Thread 0x000000000a1ae000 Uncommon trap: reason=class_check action=maybe_recompile pc=0x0000000002503d50 method=java.util.HashMap.put(Ljava/lang/Object;Ljava/lang/Object;)Ljava/lang/Object; @ 105
Event: 3.197 Thread 0x000000000a1ae000 Uncommon trap: reason=null_check action=make_not_entrant pc=0x0000000002528c44 method=java.util.jar.Attributes.putValue(Ljava/lang/String;Ljava/lang/String;)Ljava/lang/String; @ 13

Internal exceptions (10 events):
Event: 0.476 Thread 0x000000000a1ae000 Threw 0x00000000ebb0a948 at C:\re\jdk7u67\1368\hotspot\src\share\vm\prims\jvm.cpp:1244
Event: 0.486 Thread 0x000000000a1ae000 Threw 0x00000000ebb25cb8 at C:\re\jdk7u67\1368\hotspot\src\share\vm\prims\jvm.cpp:1244
Event: 0.488 Thread 0x000000000a1ae000 Threw 0x00000000ebb2dc08 at C:\re\jdk7u67\1368\hotspot\src\share\vm\prims\jvm.cpp:1244
Event: 0.489 Thread 0x000000000a1ae000 Threw 0x00000000ebb36450 at C:\re\jdk7u67\1368\hotspot\src\share\vm\prims\jvm.cpp:1244
Event: 0.489 Thread 0x000000000a1ae000 Threw 0x00000000ebb3b620 at C:\re\jdk7u67\1368\hotspot\src\share\vm\prims\jvm.cpp:1244
Event: 2.957 Thread 0x000000000a1ae000 Threw 0x00000000ebf35040 at C:\re\jdk7u67\1368\hotspot\src\share\vm\prims\jvm.cpp:1244
Event: 2.976 Thread 0x000000000a1ae000 Threw 0x00000000ebf54490 at C:\re\jdk7u67\1368\hotspot\src\share\vm\prims\jvm.cpp:1244
Event: 2.976 Thread 0x000000000a1ae000 Threw 0x00000000ebf56b90 at C:\re\jdk7u67\1368\hotspot\src\share\vm\prims\jvm.cpp:1244
Event: 3.197 Thread 0x000000000a1ae000 Implicit null exception at 0x0000000002527f00 to 0x0000000002528c39
Event: 3.210 Thread 0x0000000008270800 Threw 0x00000000eb519798 at C:\re\jdk7u67\1368\hotspot\src\share\vm\interpreter\linkResolver.cpp:883

Events (10 events):
Event: 3.295 loading class 0x000000000a9c07e0
Event: 3.295 loading class 0x000000000a9c07e0 done
Event: 3.296 loading class 0x000000000a9c0820
Event: 3.296 loading class 0x000000000a9c0820 done
Event: 3.296 loading class 0x000000000a86fe80
Event: 3.296 loading class 0x000000000a86fe80 done
Event: 3.296 loading class 0x00000000021634c0
Event: 3.296 loading class 0x00000000021634c0 done
Event: 3.297 loading class 0x000000000a49dda0
Event: 3.297 loading class 0x000000000a49dda0 done


Dynamic libraries:
0x000000013f9f0000 - 0x000000013fa23000 	C:\Program Files\Java\jdk1.7.0_67\bin\java.exe
0x0000000076d10000 - 0x0000000076eba000 	C:\Windows\SYSTEM32\ntdll.dll
0x0000000076af0000 - 0x0000000076c0f000 	C:\Windows\system32\kernel32.dll
0x000007fefcaf0000 - 0x000007fefcb5a000 	C:\Windows\system32\KERNELBASE.dll
0x000007fefe470000 - 0x000007fefe54b000 	C:\Windows\system32\ADVAPI32.dll
0x000007fefe710000 - 0x000007fefe7af000 	C:\Windows\system32\msvcrt.dll
0x000007fefdf00000 - 0x000007fefdf1f000 	C:\Windows\SYSTEM32\sechost.dll
0x000007fefedb0000 - 0x000007fefeedd000 	C:\Windows\system32\RPCRT4.dll
0x0000000076c10000 - 0x0000000076d0a000 	C:\Windows\system32\USER32.dll
0x000007fefeee0000 - 0x000007fefef47000 	C:\Windows\system32\GDI32.dll
0x000007fefdef0000 - 0x000007fefdefe000 	C:\Windows\system32\LPK.dll
0x000007fefef50000 - 0x000007feff01a000 	C:\Windows\system32\USP10.dll
0x000007fefa3d0000 - 0x000007fefa5c4000 	C:\Windows\WinSxS\amd64_microsoft.windows.common-controls_6595b64144ccf1df_6.0.7601.18837_none_fa3b1e3d17594757\COMCTL32.dll
0x000007fefdb90000 - 0x000007fefdc01000 	C:\Windows\system32\SHLWAPI.dll
0x000007fefe6e0000 - 0x000007fefe70e000 	C:\Windows\system32\IMM32.DLL
0x000007fefe7b0000 - 0x000007fefe8b9000 	C:\Windows\system32\MSCTF.dll
0x000000005ea50000 - 0x000000005eb22000 	C:\Program Files\Java\jdk1.7.0_67\jre\bin\msvcr100.dll
0x000000005db70000 - 0x000000005e342000 	C:\Program Files\Java\jdk1.7.0_67\jre\bin\server\jvm.dll
0x000007fee2df0000 - 0x000007fee2df9000 	C:\Windows\system32\WSOCK32.dll
0x000007fefe020000 - 0x000007fefe06d000 	C:\Windows\system32\WS2_32.dll
0x000007fefeda0000 - 0x000007fefeda8000 	C:\Windows\system32\NSI.dll
0x000007fef99a0000 - 0x000007fef99db000 	C:\Windows\system32\WINMM.dll
0x0000000076ee0000 - 0x0000000076ee7000 	C:\Windows\system32\PSAPI.DLL
0x000000005ee30000 - 0x000000005ee3f000 	C:\Program Files\Java\jdk1.7.0_67\jre\bin\verify.dll
0x000000005e9e0000 - 0x000000005ea08000 	C:\Program Files\Java\jdk1.7.0_67\jre\bin\java.dll
0x000000005ee10000 - 0x000000005ee25000 	C:\Program Files\Java\jdk1.7.0_67\jre\bin\zip.dll
0x000000005e3a0000 - 0x000000005e535000 	C:\Program Files\Java\jdk1.7.0_67\jre\bin\awt.dll
0x000007fefdf40000 - 0x000007fefe01a000 	C:\Windows\system32\OLEAUT32.dll
0x000007fefeb90000 - 0x000007fefed93000 	C:\Windows\system32\ole32.dll
0x000007fef9f90000 - 0x000007fef9fe6000 	C:\Windows\system32\uxtheme.dll
0x000007fef9bb0000 - 0x000007fef9bc8000 	C:\Windows\system32\dwmapi.dll
0x000007fefc8a0000 - 0x000007fefc8af000 	C:\Windows\system32\CRYPTBASE.dll
0x000007fefce00000 - 0x000007fefdb8c000 	C:\Windows\system32\SHELL32.dll
0x000000005db20000 - 0x000000005db67000 	C:\Program Files\Java\jdk1.7.0_67\jre\bin\fontmanager.dll
0x000000005e970000 - 0x000000005e989000 	C:\Program Files\Java\jdk1.7.0_67\jre\bin\net.dll
0x000007fefc1e0000 - 0x000007fefc235000 	C:\Windows\system32\mswsock.dll
0x000007fefc1d0000 - 0x000007fefc1d7000 	C:\Windows\System32\wship6.dll
0x000000005e950000 - 0x000000005e961000 	C:\Program Files\Java\jdk1.7.0_67\jre\bin\nio.dll
0x000000005dad0000 - 0x000000005db11000 	C:\Program Files\Java\jdk1.7.0_67\jre\bin\t2k.dll
0x000007fefe370000 - 0x000007fefe409000 	C:\Windows\system32\CLBCatQ.DLL
0x000007fef9760000 - 0x000007fef98c1000 	C:\Windows\system32\WindowsCodecs.dll
0x000007fefc840000 - 0x000007fefc897000 	C:\Windows\system32\apphelp.dll
0x000007fee7f50000 - 0x000007fee8190000 	C:\PROGRA~1\MICROS~2\Office15\GROOVEEX.DLL
0x0000000072dd0000 - 0x0000000072e68000 	C:\Windows\system32\MSVCP100.dll
0x0000000070030000 - 0x000000007005b000 	C:\Windows\system32\ATL100.DLL
0x000007fefaf60000 - 0x000007fefb27e000 	C:\Windows\system32\msi.dll
0x000007fee4830000 - 0x000007fee50b8000 	C:\PROGRA~1\MICROS~2\Office15\3082\GrooveIntlResource.dll
0x000007fef98d0000 - 0x000007fef9905000 	C:\Windows\system32\EhStorShell.dll
0x000007fefe0f0000 - 0x000007fefe2c7000 	C:\Windows\system32\SETUPAPI.dll
0x000007fefcab0000 - 0x000007fefcae6000 	C:\Windows\system32\CFGMGR32.dll
0x000007fefcdd0000 - 0x000007fefcdea000 	C:\Windows\system32\DEVOBJ.dll
0x000007fefa5d0000 - 0x000007fefa6fc000 	C:\Windows\system32\PROPSYS.dll
0x000007fef9070000 - 0x000007fef90ee000 	C:\Windows\System32\cscui.dll
0x000007fefa1f0000 - 0x000007fefa1fc000 	C:\Windows\System32\CSCDLL.dll
0x000007fef35b0000 - 0x000007fef35bf000 	C:\Windows\system32\CSCAPI.dll
0x000007fee8d60000 - 0x000007fee8de0000 	C:\Windows\system32\ntshrui.dll
0x000007fefc4e0000 - 0x000007fefc503000 	C:\Windows\system32\srvcli.dll
0x000007fefa290000 - 0x000007fefa29b000 	C:\Windows\system32\slc.dll
0x000007fefae70000 - 0x000007fefae77000 	C:\Windows\System32\wshtcpip.dll
0x000007fefc060000 - 0x000007fefc0bb000 	C:\Windows\system32\DNSAPI.dll
0x000007fefb290000 - 0x000007fefb2b7000 	C:\Windows\system32\IPHLPAPI.DLL
0x000007fefb280000 - 0x000007fefb28b000 	C:\Windows\system32\WINNSI.DLL
0x000007fef3700000 - 0x000007fef3708000 	C:\Windows\system32\rasadhlp.dll
0x000007fef8e80000 - 0x000007fef8ed3000 	C:\Windows\System32\fwpuclnt.dll
0x000007fefc240000 - 0x000007fefc258000 	C:\Windows\system32\CRYPTSP.dll
0x000007fefbf40000 - 0x000007fefbf87000 	C:\Windows\system32\rsaenh.dll
0x000007fefca80000 - 0x000007fefca9e000 	C:\Windows\system32\USERENV.dll
0x000007fefca50000 - 0x000007fefca5f000 	C:\Windows\system32\profapi.dll
0x000007fef8f30000 - 0x000007fef8f41000 	C:\Windows\system32\dhcpcsvc6.DLL
0x000007fef8ee0000 - 0x000007fef8ef8000 	C:\Windows\system32\dhcpcsvc.DLL
0x000000005a4e0000 - 0x000000005a504000 	C:\Program Files\Java\jdk1.7.0_67\jre\bin\sunec.dll
0x000007fefa820000 - 0x000007fefa835000 	C:\Windows\system32\NLAapi.dll
0x000007feea7f0000 - 0x000007feea805000 	C:\Windows\system32\napinsp.dll
0x000007feea610000 - 0x000007feea629000 	C:\Windows\system32\pnrpnsp.dll
0x000007feea5c0000 - 0x000007feea5cb000 	C:\Windows\System32\winrnr.dll

VM Arguments:
jvm_args: -Dfile.encoding=UTF-8 
java_command: vista.LABORATORIO.frm_LAB_ANALISIS_EXAMEN
Launcher Type: SUN_STANDARD

Environment Variables:
PATH=C:\Windows\system32;C:\Windows;C:\Windows\System32\Wbem;C:\Windows\System32\WindowsPowerShell\v1.0\;C:\Program Files\Microsoft\Web Platform Installer\;C:\Program Files (x86)\Microsoft ASP.NET\ASP.NET Web Pages\v1.0\;C:\Program Files (x86)\Windows Kits\8.0\Windows Performance Toolkit\;C:\Program Files\Microsoft SQL Server\110\Tools\Binn\;c:\Program Files (x86)\Microsoft SQL Server\110\Tools\Binn\;c:\Program Files\Microsoft SQL Server\110\DTS\Binn\;c:\Program Files (x86)\Microsoft SQL Server\110\Tools\Binn\ManagementStudio\;c:\Program Files (x86)\Microsoft Visual Studio 10.0\Common7\IDE\PrivateAssemblies\;c:\Program Files (x86)\Microsoft SQL Server\110\DTS\Binn\
USERNAME=PC-SISTEMA
OS=Windows_NT
PROCESSOR_IDENTIFIER=Intel64 Family 6 Model 60 Stepping 3, GenuineIntel



---------------  S Y S T E M  ---------------

OS: Windows 7 , 64 bit Build 7601 Service Pack 1

CPU:total 4 (2 cores per cpu, 2 threads per core) family 6 model 60 stepping 3, cmov, cx8, fxsr, mmx, sse, sse2, sse3, ssse3, sse4.1, sse4.2, popcnt, avx, avx2, aes, erms, ht, tsc, tscinvbit

Memory: 4k page, physical 4067132k(189120k free), swap 16266668k(5308k free)

vm_info: Java HotSpot(TM) 64-Bit Server VM (24.65-b04) for windows-amd64 JRE (1.7.0_67-b01), built on Jul 25 2014 08:55:00 by "java_re" with unknown MS VC++:1600

time: Fri Jan 13 14:57:07 2017
elapsed time: 3 seconds

