#
# There is insufficient memory for the Java Runtime Environment to continue.
# Native memory allocation (malloc) failed to allocate 35216 bytes for Chunk::new
# Possible reasons:
#   The system is out of physical RAM or swap space
#   In 32 bit mode, the process size limit was hit
# Possible solutions:
#   Reduce memory load on the system
#   Increase physical memory or swap space
#   Check if swap backing store is full
#   Use 64 bit Java on a 64 bit OS
#   Decrease Java heap size (-Xmx/-Xms)
#   Decrease number of Java threads
#   Decrease Java thread stack sizes (-Xss)
#   Set larger code cache with -XX:ReservedCodeCacheSize=
# This output file may be truncated or incomplete.
#
#  Out of Memory Error (allocation.cpp:323), pid=12704, tid=7464
#
# JRE version: Java(TM) SE Runtime Environment (7.0_67-b01) (build 1.7.0_67-b01)
# Java VM: Java HotSpot(TM) 64-Bit Server VM (24.65-b04 mixed mode windows-amd64 compressed oops)
# Failed to write core dump. Minidumps are not enabled by default on client versions of Windows
#

---------------  T H R E A D  ---------------

Current thread (0x0000000008367800):  JavaThread "C2 CompilerThread0" daemon [_thread_in_native, id=7464, stack(0x0000000009980000,0x0000000009a80000)]

Stack: [0x0000000009980000,0x0000000009a80000]
[error occurred during error reporting (printing stack bounds), id 0xc0000005]


[error occurred during error reporting (printing native stack), id 0xc0000005]


Current CompileTask:
C2:    606    6   !         java.io.BufferedReader::readLine (304 bytes)


---------------  P R O C E S S  ---------------

Java Threads: ( => current thread )
  0x000000000a218000 JavaThread "TimerQueue" daemon [_thread_blocked, id=12448, stack(0x000000000c300000,0x000000000c400000)]
  0x000000000a15b800 JavaThread "Image Fetcher 0" daemon [_thread_blocked, id=12576, stack(0x000000000ba90000,0x000000000bb90000)]
  0x00000000020ce800 JavaThread "DestroyJavaVM" [_thread_blocked, id=12852, stack(0x00000000020e0000,0x00000000021e0000)]
  0x000000000a128000 JavaThread "AWT-EventQueue-0" [_thread_in_native, id=13024, stack(0x000000000bc00000,0x000000000bd00000)]
  0x0000000009dec800 JavaThread "AWT-Windows" daemon [_thread_in_native, id=12808, stack(0x000000000b370000,0x000000000b470000)]
  0x0000000009dea000 JavaThread "AWT-Shutdown" [_thread_blocked, id=13208, stack(0x000000000b470000,0x000000000b570000)]
  0x0000000009baa800 JavaThread "Java2D Disposer" daemon [_thread_blocked, id=13280, stack(0x000000000b240000,0x000000000b340000)]
  0x000000000836f000 JavaThread "Service Thread" daemon [_thread_blocked, id=12900, stack(0x00000000092c0000,0x00000000093c0000)]
  0x000000000836e000 JavaThread "C2 CompilerThread1" daemon [_thread_in_native, id=12736, stack(0x0000000009880000,0x0000000009980000)]
=>0x0000000008367800 JavaThread "C2 CompilerThread0" daemon [_thread_in_native, id=7464, stack(0x0000000009980000,0x0000000009a80000)]
  0x0000000008366800 JavaThread "Attach Listener" daemon [_thread_blocked, id=4204, stack(0x0000000009770000,0x0000000009870000)]
  0x000000000835f800 JavaThread "Signal Dispatcher" daemon [_thread_blocked, id=11520, stack(0x0000000009670000,0x0000000009770000)]
  0x0000000008300800 JavaThread "Finalizer" daemon [_thread_blocked, id=3928, stack(0x00000000094f0000,0x00000000095f0000)]
  0x00000000082ff000 JavaThread "Reference Handler" daemon [_thread_blocked, id=1952, stack(0x00000000093c0000,0x00000000094c0000)]

Other Threads:
  0x00000000082f8000 VMThread [stack: 0x00000000091b0000,0x00000000092b0000] [id=12436]
  0x0000000009a80800 WatcherThread [stack: 0x0000000009f20000,0x000000000a020000] [id=12156]

VM state:not at safepoint (normal execution)

VM Mutex/Monitor currently owned by a thread: None

Heap
 PSYoungGen      total 18944K, used 7542K [0x00000000eb480000, 0x00000000ec980000, 0x0000000100000000)
  eden space 16384K, 46% used [0x00000000eb480000,0x00000000ebbddbd8,0x00000000ec480000)
  from space 2560K, 0% used [0x00000000ec700000,0x00000000ec700000,0x00000000ec980000)
  to   space 2560K, 0% used [0x00000000ec480000,0x00000000ec480000,0x00000000ec700000)
 ParOldGen       total 41984K, used 0K [0x00000000c1e00000, 0x00000000c4700000, 0x00000000eb480000)
  object space 41984K, 0% used [0x00000000c1e00000,0x00000000c1e00000,0x00000000c4700000)
 PSPermGen       total 21504K, used 12773K [0x00000000bcc00000, 0x00000000be100000, 0x00000000c1e00000)
  object space 21504K, 59% used [0x00000000bcc00000,0x00000000bd8795e0,0x00000000be100000)

Card table byte_map: [0x0000000005360000,0x0000000005580000] byte_map_base: 0x0000000004d7a000

Polling page: 0x0000000000430000

Code Cache  [0x00000000022a0000, 0x0000000002510000, 0x00000000052a0000)
 total_blobs=487 nmethods=44 adapters=395 free_code_cache=48566Kb largest_free_block=49713024

Compilation events (10 events):
Event: 0.061 Thread 0x0000000008367800    2             java.lang.String::charAt (29 bytes)
Event: 0.062 Thread 0x0000000008367800 nmethod 2 0x00000000022fed50 code [0x00000000022fee80, 0x00000000022fef18]
Event: 0.065 Thread 0x000000000836e000    3             java.lang.String::hashCode (55 bytes)
Event: 0.067 Thread 0x000000000836e000 nmethod 3 0x00000000022fea10 code [0x00000000022feb40, 0x00000000022fec98]
Event: 0.072 Thread 0x0000000008367800    4             java.lang.String::equals (81 bytes)
Event: 0.075 Thread 0x0000000008367800 nmethod 4 0x0000000002303110 code [0x0000000002303260, 0x0000000002303498]
Event: 0.075 Thread 0x000000000836e000    5             java.util.LinkedList::indexOf (73 bytes)
Event: 0.075 Thread 0x0000000008367800    6   !         java.io.BufferedReader::readLine (304 bytes)
Event: 0.077 Thread 0x000000000836e000 nmethod 5 0x0000000002302cd0 code [0x0000000002302e20, 0x0000000002302ff8]
Event: 0.077 Thread 0x000000000836e000    7             sun.nio.cs.UTF_8$Decoder::decodeArrayLoop (543 bytes)

GC Heap History (0 events):
No events

Deoptimization events (0 events):
No events

Internal exceptions (2 events):
Event: 0.023 Thread 0x00000000020ce800 Threw 0x00000000eb48b9b8 at C:\re\jdk7u67\1368\hotspot\src\share\vm\prims\jni.cpp:3991
Event: 0.086 Thread 0x00000000020ce800 Threw 0x00000000eb5aa840 at C:\re\jdk7u67\1368\hotspot\src\share\vm\prims\jvm.cpp:1244

Events (10 events):
Event: 0.059 loading class 0x0000000009a88d60
Event: 0.059 loading class 0x0000000009a88d60 done
Event: 0.071 loading class 0x000000000206e160
Event: 0.071 loading class 0x0000000009a89ce0
Event: 0.071 loading class 0x0000000009a89ce0 done
Event: 0.071 loading class 0x000000000206e160 done
Event: 0.072 loading class 0x0000000009a89db0
Event: 0.072 loading class 0x0000000009a89db0 done
Event: 0.086 loading class 0x000000000201dfb0
Event: 0.086 loading class 0x000000000201dfb0 done


Dynamic libraries:
0x000000013f9f0000 - 0x000000013fa23000 	C:\Program Files\Java\jdk1.7.0_67\bin\java.exe
0x0000000076d10000 - 0x0000000076eba000 	C:\Windows\SYSTEM32\ntdll.dll
0x0000000076af0000 - 0x0000000076c0f000 	C:\Windows\system32\kernel32.dll
0x000007fefcaf0000 - 0x000007fefcb5a000 	C:\Windows\system32\KERNELBASE.dll
0x000007fefe470000 - 0x000007fefe54b000 	C:\Windows\system32\ADVAPI32.dll
0x000007fefe710000 - 0x000007fefe7af000 	C:\Windows\system32\msvcrt.dll
0x000007fefdf00000 - 0x000007fefdf1f000 	C:\Windows\SYSTEM32\sechost.dll
0x000007fefedb0000 - 0x000007fefeedd000 	C:\Windows\system32\RPCRT4.dll
0x0000000076c10000 - 0x0000000076d0a000 	C:\Windows\system32\USER32.dll
0x000007fefeee0000 - 0x000007fefef47000 	C:\Windows\system32\GDI32.dll
0x000007fefdef0000 - 0x000007fefdefe000 	C:\Windows\system32\LPK.dll
0x000007fefef50000 - 0x000007feff01a000 	C:\Windows\system32\USP10.dll
0x000007fefa3d0000 - 0x000007fefa5c4000 	C:\Windows\WinSxS\amd64_microsoft.windows.common-controls_6595b64144ccf1df_6.0.7601.18837_none_fa3b1e3d17594757\COMCTL32.dll
0x000007fefdb90000 - 0x000007fefdc01000 	C:\Windows\system32\SHLWAPI.dll
0x000007fefe6e0000 - 0x000007fefe70e000 	C:\Windows\system32\IMM32.DLL
0x000007fefe7b0000 - 0x000007fefe8b9000 	C:\Windows\system32\MSCTF.dll
0x000000005ea50000 - 0x000000005eb22000 	C:\Program Files\Java\jdk1.7.0_67\jre\bin\msvcr100.dll
0x000000005db70000 - 0x000000005e342000 	C:\Program Files\Java\jdk1.7.0_67\jre\bin\server\jvm.dll
0x000007fee2df0000 - 0x000007fee2df9000 	C:\Windows\system32\WSOCK32.dll
0x000007fefe020000 - 0x000007fefe06d000 	C:\Windows\system32\WS2_32.dll
0x000007fefeda0000 - 0x000007fefeda8000 	C:\Windows\system32\NSI.dll
0x000007fef99a0000 - 0x000007fef99db000 	C:\Windows\system32\WINMM.dll
0x0000000076ee0000 - 0x0000000076ee7000 	C:\Windows\system32\PSAPI.DLL
0x000000005ee30000 - 0x000000005ee3f000 	C:\Program Files\Java\jdk1.7.0_67\jre\bin\verify.dll
0x000000005e9e0000 - 0x000000005ea08000 	C:\Program Files\Java\jdk1.7.0_67\jre\bin\java.dll
0x000000005ee10000 - 0x000000005ee25000 	C:\Program Files\Java\jdk1.7.0_67\jre\bin\zip.dll
0x000000005e3a0000 - 0x000000005e535000 	C:\Program Files\Java\jdk1.7.0_67\jre\bin\awt.dll
0x000007fefdf40000 - 0x000007fefe01a000 	C:\Windows\system32\OLEAUT32.dll
0x000007fefeb90000 - 0x000007fefed93000 	C:\Windows\system32\ole32.dll
0x000007fef9f90000 - 0x000007fef9fe6000 	C:\Windows\system32\uxtheme.dll
0x000007fef9bb0000 - 0x000007fef9bc8000 	C:\Windows\system32\dwmapi.dll
0x000007fefc8a0000 - 0x000007fefc8af000 	C:\Windows\system32\CRYPTBASE.dll
0x000007fefce00000 - 0x000007fefdb8c000 	C:\Windows\system32\SHELL32.dll
0x000000005db20000 - 0x000000005db67000 	C:\Program Files\Java\jdk1.7.0_67\jre\bin\fontmanager.dll
0x000000005e970000 - 0x000000005e989000 	C:\Program Files\Java\jdk1.7.0_67\jre\bin\net.dll
0x000007fefc1e0000 - 0x000007fefc235000 	C:\Windows\system32\mswsock.dll
0x000007fefc1d0000 - 0x000007fefc1d7000 	C:\Windows\System32\wship6.dll
0x000000005e950000 - 0x000000005e961000 	C:\Program Files\Java\jdk1.7.0_67\jre\bin\nio.dll
0x000000005dad0000 - 0x000000005db11000 	C:\Program Files\Java\jdk1.7.0_67\jre\bin\t2k.dll
0x000007fefe370000 - 0x000007fefe409000 	C:\Windows\system32\CLBCatQ.DLL
0x000007fef9760000 - 0x000007fef98c1000 	C:\Windows\system32\WindowsCodecs.dll

VM Arguments:
jvm_args: -Dfile.encoding=UTF-8 
java_command: vista.LABORATORIO.frm_LAB_ANALISIS_EXAMEN
Launcher Type: SUN_STANDARD

Environment Variables:
PATH=C:\Windows\system32;C:\Windows;C:\Windows\System32\Wbem;C:\Windows\System32\WindowsPowerShell\v1.0\;C:\Program Files\Microsoft\Web Platform Installer\;C:\Program Files (x86)\Microsoft ASP.NET\ASP.NET Web Pages\v1.0\;C:\Program Files (x86)\Windows Kits\8.0\Windows Performance Toolkit\;C:\Program Files\Microsoft SQL Server\110\Tools\Binn\;c:\Program Files (x86)\Microsoft SQL Server\110\Tools\Binn\;c:\Program Files\Microsoft SQL Server\110\DTS\Binn\;c:\Program Files (x86)\Microsoft SQL Server\110\Tools\Binn\ManagementStudio\;c:\Program Files (x86)\Microsoft Visual Studio 10.0\Common7\IDE\PrivateAssemblies\;c:\Program Files (x86)\Microsoft SQL Server\110\DTS\Binn\
USERNAME=PC-SISTEMA
OS=Windows_NT
PROCESSOR_IDENTIFIER=Intel64 Family 6 Model 60 Stepping 3, GenuineIntel



---------------  S Y S T E M  ---------------

OS: Windows 7 , 64 bit Build 7601 Service Pack 1

CPU:total 4 (2 cores per cpu, 2 threads per core) family 6 model 60 stepping 3, cmov, cx8, fxsr, mmx, sse, sse2, sse3, ssse3, sse4.1, sse4.2, popcnt, avx, avx2, aes, erms, ht, tsc, tscinvbit

Memory: 4k page, physical 4067132k(401812k free), swap 16266668k(6136k free)

vm_info: Java HotSpot(TM) 64-Bit Server VM (24.65-b04) for windows-amd64 JRE (1.7.0_67-b01), built on Jul 25 2014 08:55:00 by "java_re" with unknown MS VC++:1600

time: Fri Jan 13 14:47:59 2017
elapsed time: 0 seconds

